step: 1
4.0
step: 2
3.993033536121584
step: 3
3.9898715589354445
step: 4
3.9905118631178764
step: 5
3.9873509885931973
step: 6
3.9857126806083634
step: 7
3.9833144676807755
step: 8
3.9809168060837323
step: 9
3.979280152091068
step: 10
3.9791644106461153
step: 11
3.9767684030419157
step: 12
3.975893859315708
step: 13
3.9742594106464226
step: 14
3.9726255133082
step: 15
3.9717526235742753
step: 16
3.971640741444762
step: 17
3.9700084980986676
step: 18
3.9691372623573957
step: 19
3.9675066730037067
step: 20
3.9681574524714143
step: 21
3.9672878707227306
step: 22
3.9648984790876654
step: 23
3.9647904562736973
step: 24
3.962402167300238
step: 25
3.9630562547528827
step: 26
3.962949885931547
step: 27
3.961323707224346
step: 28
3.9612189923953633
step: 29
3.9588334600761543
step: 30
3.9564490304182756
step: 31
3.9571069771862533
step: 32
3.954724201521026
step: 33
3.9531024334601046
step: 34
3.952241673003856
step: 35
3.952141920152063
step: 36
3.9505223574146386
step: 37
3.9496643536122744
step: 38
3.9480458935359617
step: 39
3.9487093536119207
step: 40
3.9486134600759764
step: 41
3.948517566540059
step: 42
3.947662319391688
step: 43
3.947568631178945
step: 44
3.948235399239696
step: 45
3.948143365018888
step: 46
3.947291977186149
step: 47
3.947201596958189
step: 48
3.948632680608302
step: 49
3.94930385931554
step: 50
3.949975038022681
step: 51
3.951407224334835
step: 52
3.9505585931558502
step: 53
3.951230874524598
step: 54
3.9519037072243948
step: 55
3.951816634980962
step: 56
3.9517301140684715
step: 57
3.95164414448664
step: 58
3.9523197338404388
step: 59
3.9514744106464375
step: 60
3.9491098288971127
step: 61
3.9482672623575543
step: 62
3.9474252471483458
step: 63
3.9473442395438028
step: 64
3.945743422053227
step: 65
3.946423973384201
step: 66
3.9448242585552604
step: 67
3.943985551330654
step: 68
3.945428212927536
step: 69
3.9445900570341803
step: 70
3.942232642585696
step: 71
3.9421565969582453
step: 72
3.9428415589356143
step: 73
3.9420067110267905
step: 74
3.9419323193915363
step: 75
3.941858479087311
step: 76
3.9425450950570733
step: 77
3.9424718060836015
step: 78
3.9431600760456007
step: 79
3.9438488973382935
step: 80
3.9445382699622296
step: 81
3.9452287452471264
step: 82
3.942118593155792
step: 83
3.941290912547614
step: 84
3.942745152091255
step: 85
3.943439486692064
step: 86
3.942614011406814
step: 87
3.9433105513309474
step: 88
3.9432471863118566
step: 89
3.944704733840107
step: 90
3.9454018250952108
step: 91
3.946099467680689
step: 92
3.9475575665400133
step: 93
3.9482552091254925
step: 94
3.9489528517112236
step: 95
3.9488911406845593
step: 96
3.9480700760455085
step: 97
3.947249562737446
step: 98
3.9479499619771707
step: 99
3.9471311026614933
step: 100
3.9463133460076945
step: 101
3.948537414448947
step: 102
3.947720760456472
step: 103
3.947665114068366
step: 104
3.9491303802279787
step: 105
3.948315380228201
step: 106
3.9475003802281137
step: 107
3.9489667490494256
step: 108
3.9473923954371726
step: 109
3.9473395057035146
step: 110
3.946527262357418
step: 111
3.947235931558857
step: 112
3.944902775665511
step: 113
3.9456114448669455
step: 114
3.9470805703422376
step: 115
3.9462688783269857
step: 116
3.9469780988594896
step: 117
3.9484477756654925
step: 118
3.9491569961975443
step: 119
3.949866216729778
step: 120
3.9498155323194943
step: 121
3.948243935361328
step: 122
3.9481938022814056
step: 123
3.9496645817492717
step: 124
3.949614448669333
step: 125
3.9495648669200563
step: 126
3.951796653992216
step: 127
3.9509866159695926
step: 128
3.95245849809878
step: 129
3.95316992395431
step: 130
3.952360988593455
step: 131
3.953833422053443
step: 132
3.9545453992394943
step: 133
3.9552579277565205
step: 134
3.9559704562738496
step: 135
3.955923079847907
step: 136
3.958157072243358
step: 137
3.960391064638721
step: 138
3.96110414448681
step: 139
3.9633381368821583
step: 140
3.96405176806078
step: 141
3.964004942965904
step: 142
3.963958117870766
step: 143
3.9639118441065233
step: 144
3.9653864828897505
step: 145
3.966100665399437
step: 146
3.966815399239651
step: 147
3.9675301330796966
step: 148
3.965964600760219
step: 149
3.9651600760457466
step: 150
3.9643555513309368
step: 151
3.9650724904943484
step: 152
3.96578942965804
step: 153
3.9657459125476846
step: 154
3.9664634030417516
step: 155
3.965660532319236
step: 156
3.9663785741445112
step: 157
3.967097167300321
step: 158
3.9655343916349404
step: 159
3.967773897338701
step: 160
3.9669721292778006
step: 161
3.9676912737642223
step: 162
3.969170874524603
step: 163
3.969130114068511
step: 164
3.969849809885949
step: 165
3.97056950570346
step: 166
3.9712892015208743
step: 167
3.972008897338545
step: 168
3.9719681368821798
step: 169
3.971166920152053
step: 170
3.9726470722434946
step: 171
3.972606311787138
step: 172
3.9710446387833525
step: 173
3.9717643346007607
step: 174
3.971723574144705
step: 175
3.9716828136883433
step: 176
3.972402509505578
step: 177
3.9731222053229827
step: 178
3.9753628136881805
step: 179
3.9776034220533827
step: 180
3.9783231178707976
step: 181
3.979803269962246
step: 182
3.9805229657796457
step: 183
3.9827635741443967
step: 184
3.9827228136880746
step: 185
3.982682053231986
step: 186
3.9834017490493907
step: 187
3.9833609885931422
step: 188
3.984080684410544
step: 189
3.985560836502153
step: 190
3.9862805323193795
step: 191
3.9854793155892634
step: 192
3.9861990114069368
step: 193
3.987679163498134
step: 194
3.9876384030418865
step: 195
3.9883580988592944
step: 196
3.9898382509507373
step: 197
3.9897974904943707
step: 198
3.989756730038007
step: 199
3.990476425855666
step: 200
3.989675209125553
step: 201
3.9911553612168404
step: 202
3.991875057034246
step: 203
3.992594752851955
step: 204
3.992553992395588
step: 205
3.9909923193915233
step: 206
3.9924724714826976
step: 207
3.9916712547528426
step: 208
3.9923909505705173
step: 209
3.9915897338403985
step: 210
3.9907885171105515
step: 211
3.9907477566541925
step: 212
3.992227908745182
step: 213
3.991426692015092
step: 214
3.9913859315590043
step: 215
3.9905847148288736
step: 216
3.9905439543726313
step: 217
3.9889822813687417
step: 218
3.9904624334603485
step: 219
3.9904216730038136
step: 220
3.990380912547452
step: 221
3.9911006083651346
step: 222
3.99105984790877
step: 223
3.9910190874525537
step: 224
3.9902178707224305
step: 225
3.9894166539925866
step: 226
3.9886154372624545
step: 227
3.9900955893534475
step: 228
3.98929437262373
step: 229
3.989253612167403
step: 230
3.9899733079849202
step: 231
3.989172091254795
step: 232
3.9906522433462377
step: 233
3.992132395437435
step: 234
3.992852091254665
step: 235
3.993571787072076
step: 236
3.9942914828897482
step: 237
3.9950111787071463
step: 238
3.9949704182510657
step: 239
3.99492965779498
step: 240
3.9964098098861536
step: 241
3.994848136882087
step: 242
3.996328288973254
step: 243
3.9955270722434344
step: 244
3.996246768060836
step: 245
3.9977269201521213
step: 246
3.9976861596957622
step: 247
3.999166311787198
step: 248
3.9991255513308315
step: 249
3.9990847908744724
step: 250
3.999804486692154
step: 251
4.000524182509554
step: 252
4.001243878327065
step: 253
4.001203117870742
step: 254
4.0019228136884175
step: 255
4.00036114068453
step: 256
4.000320380227995
step: 257
4.00180053231918
step: 258
4.0025202281370005
step: 259
4.00323992395452
step: 260
4.00395961977193
step: 261
4.003158403042077
step: 262
4.003117642585748
step: 263
4.003837338402975
step: 264
4.003036121672852
step: 265
4.004516273764296
step: 266
4.00447551330793
step: 267
4.0067161216731355
step: 268
4.006675361217027
step: 269
4.006634600760693
