step: 1
4.0
step: 2
3.993161292775675
step: 3
3.992407376425777
step: 4
3.990894714828872
step: 5
3.990143079847792
step: 6
3.988632129277589
step: 7
3.986362433460011
step: 8
3.9856147908744686
step: 9
3.98410783269951
step: 10
3.9810816730036924
step: 11
3.9810979087453164
step: 12
3.9795932319393517
step: 13
3.977329809885968
step: 14
3.977348897338546
step: 15
3.975847642585463
step: 16
3.972067300380424
step: 17
3.973610152091268
step: 18
3.972872775665532
step: 19
3.9721359695817013
step: 20
3.9736805323193454
step: 21
3.97370475285177
step: 22
3.9729685171101417
step: 23
3.9737531939163255
step: 24
3.9737779847906656
step: 25
3.974563231939237
step: 26
3.9761089353610912
step: 27
3.974613384030398
step: 28
3.975399201520742
step: 29
3.976185019011247
step: 30
3.974690038022942
step: 31
3.9762368821294194
step: 32
3.9762633840304646
step: 33
3.97553000000006
step: 34
3.9763175285170798
step: 35
3.9771056273765746
step: 36
3.9778937262358074
step: 37
3.978682395437375
step: 38
3.9794710646387097
step: 39
3.9794998479087784
step: 40
3.9810495437262734
step: 41
3.9818387832698705
step: 42
3.9795867680607744
step: 43
3.980376577946621
step: 44
3.9804076425855874
step: 45
3.9781584790873032
step: 46
3.9789511406843676
step: 47
3.9782240304180543
step: 48
3.976737034220452
step: 49
3.977531977186417
step: 50
3.978328060836677
step: 51
3.9798846007604562
step: 52
3.979160342205441
step: 53
3.978437224334521
step: 54
3.978474562737745
step: 55
3.9792723574144695
step: 56
3.978550380228204
step: 57
3.978589999999983
step: 58
3.9771087072243216
step: 59
3.9771494676806394
step: 60
3.9771902281367257
step: 61
3.9787519011406776
step: 62
3.977273460075856
step: 63
3.97807638783269
step: 64
3.978119429657703
step: 65
3.9781630418250478
step: 66
3.9789671102660202
step: 67
3.978250836501729
step: 68
3.9767746768062007
step: 69
3.977580456273892
step: 70
3.979147262357494
step: 71
3.977672813688304
step: 72
3.979240190113965
step: 73
3.9792872243347808
step: 74
3.9793348288973354
step: 75
3.980143460076171
step: 76
3.9824730038021756
step: 77
3.982521178707226
step: 78
3.981049011406846
step: 79
3.9818582129276785
step: 80
3.9811470722433153
step: 81
3.9811969581746895
step: 82
3.980486387832764
step: 83
3.9812973003800955
step: 84
3.9805878707224416
step: 85
3.9798790114066116
step: 86
3.980691064638668
step: 87
3.9807432319392353
step: 88
3.9792756273766092
step: 89
3.9800893916350133
step: 90
3.9793828136882565
step: 91
3.980197148288934
step: 92
3.980251026616087
step: 93
3.9818263878327365
step: 94
3.9803604942966118
step: 95
3.9811759695817033
step: 96
3.979711216729992
step: 97
3.9774860076046212
step: 98
3.9775427376424632
step: 99
3.9791209505702625
step: 100
3.979178250950413
step: 101
3.979235551330816
step: 102
3.9792928517109685
step: 103
3.9793507224333964
step: 104
3.9794091634979476
step: 105
3.980228060836363
step: 106
3.9802865019012894
step: 107
3.9811053992397
step: 108
3.980403954372614
step: 109
3.9797025095058083
step: 110
3.9805225475284414
step: 111
3.9813425855514812
step: 112
3.98140330798476
step: 113
3.9822244866921235
step: 114
3.979243954372554
step: 115
3.9808261596958494
step: 116
3.982408365019038
step: 117
3.9817092015207476
step: 118
3.9832914068440832
step: 119
3.9825928136880098
step: 120
3.9826546768061117
step: 121
3.983476996197567
step: 122
3.983539429657789
step: 123
3.982841406843913
step: 124
3.9829044106462876
step: 125
3.9822069581749893
step: 126
3.9807490494297495
step: 127
3.981573079847959
step: 128
3.981636653992452
step: 129
3.979418859315693
step: 130
3.9779620912548563
step: 131
3.978026235741469
step: 132
3.9773299239544393
step: 133
3.9781545247147174
step: 134
3.978219239543712
step: 135
3.9767630418250923
step: 136
3.976827756653902
step: 137
3.976132585551281
step: 138
3.975437984790705
step: 139
3.9755038403041882
step: 140
3.9763301520911853
step: 141
3.9771564638782806
step: 142
3.9764618631176383
step: 143
3.9772887452470234
step: 144
3.9765947148289555
step: 145
3.974380342205493
step: 146
3.974447338403062
step: 147
3.9752747908746104
step: 148
3.9745819011407635
step: 149
3.9731291254754426
step: 150
3.9724373764258356
step: 151
3.9732665399239755
step: 152
3.97333581749044
step: 153
3.9749260076045045
step: 154
3.97423482889739
step: 155
3.975825019011229
step: 156
3.9774152091254362
step: 157
3.978244942965548
step: 158
3.978314790874571
step: 159
3.979145095056902
step: 160
3.976933574144396
step: 161
3.977764448669036
step: 162
3.979355779467515
step: 163
3.9763849429658946
step: 164
3.9764565019012164
step: 165
3.9765280608365328
step: 166
3.9750787072243727
step: 167
3.9759112927758
step: 168
3.9737020532320715
step: 169
3.974535209125434
step: 170
3.9738480228137876
step: 171
3.97316083650182
step: 172
3.9755154752851927
step: 173
3.9763492015208945
step: 174
3.974902129277449
step: 175
3.974216083650112
step: 176
3.9735300380226617
step: 177
3.9743649049429894
step: 178
3.9736794296576434
step: 179
3.973754410646375
step: 180
3.9745898479085584
step: 181
3.9723840304181723
step: 182
3.9732200380228364
step: 183
3.971014790874656
step: 184
3.9703304562737483
step: 185
3.971927490494389
step: 186
3.9720041825095938
step: 187
3.9720808745248055
step: 188
3.9706372243346153
step: 189
3.9714749429658336
step: 190
3.9707917490493463
step: 191
3.971630038022727
step: 192
3.9732287832699824
step: 193
3.973307186311628
step: 194
3.974146045627356
step: 195
3.9742250190112096
step: 196
3.974304562737624
step: 197
3.9743841064637833
step: 198
3.9759845627375863
step: 199
3.976824562737467
step: 200
3.9761436501899485
step: 201
3.9747022813689163
step: 202
3.975542281368927
step: 203
3.977142737642644
step: 204
3.977982737642652
step: 205
3.979583764258619
step: 206
3.978142965779618
step: 207
3.9782236501900856
step: 208
3.9805857034221215
step: 209
3.979145475285063
step: 210
3.979987186311774
step: 211
3.9800684410646374
step: 212
3.9801496958173446
step: 213
3.9802315209125014
step: 214
3.9818342585548976
step: 215
3.981916653992432
step: 216
3.981999049429518
step: 217
3.9828419011406386
step: 218
3.982924866919932
step: 219
3.9837682889732777
step: 220
3.9830913688213463
step: 221
3.983174904943026
step: 222
3.983258441064655
step: 223
3.982581520912559
step: 224
3.9834255133080876
step: 225
3.9842695057035273
step: 226
3.9858739543726065
step: 227
3.9859574904943154
step: 228
3.986801482889681
step: 229
3.9876454752851176
step: 230
3.988489467680561
step: 231
3.99009391634972
step: 232
3.9916983650189195
step: 233
3.9917824714827224
step: 234
3.993387490494266
step: 235
3.9934715969580656
step: 236
3.995076615969511
step: 237
3.995921178707081
step: 238
3.996005285170976
step: 239
3.9976103041825226
step: 240
3.9984548669202735
step: 241
3.9992994296577695
step: 242
4.000904448669286
step: 243
4.000228098859352
step: 244
4.0010726615970995
step: 245
4.002677680608321
step: 246
4.002761787072341
step: 247
4.003606349809795
step: 248
4.004450912547428
step: 249
4.004535019011417
step: 250
4.005379581748913
step: 251
4.004703231939128
step: 252
4.004026882129028
step: 253
4.00639235741447
step: 254
4.005716007604406
step: 255
4.006560570342185
step: 256
4.006644676805873
step: 257
4.005207870722568
step: 258
4.007573346007674
step: 259
4.008417908745322
step: 260
4.008502015209159
step: 261
4.007825665399236
step: 262
4.007909771863203
step: 263
4.008754334600855
step: 264
4.010359353612184
step: 265
4.010443460076098
step: 266
4.011288022813565
